<?xml version="1.0" encoding="UTF-8"?>
<testng-results skipped="0" failed="0" total="0" passed="0">
  <reporter-output>
  </reporter-output>
  <suite name="NewEmptyTestNGTest" duration-ms="4" started-at="2019-03-08T15:01:10Z" finished-at="2019-03-08T15:01:10Z">
    <groups>
    </groups>
    <test name="Command line test" duration-ms="4" started-at="2019-03-08T15:01:10Z" finished-at="2019-03-08T15:01:10Z">
    </test> <!-- Command line test -->
  </suite> <!-- NewEmptyTestNGTest -->
</testng-results>
